[INFO ] 2024-01-20 09:32:10.679 [main] Steps - Chilternoak Furniture Homepage
[INFO ] 2024-01-20 09:32:10.690 [main] Steps - Clicking on ContactUs link
[INFO ] 2024-01-20 09:32:15.159 [main] Steps - Capturing the title of the page
[INFO ] 2024-01-20 09:32:15.173 [main] Steps - Entering the name
[INFO ] 2024-01-20 09:32:17.324 [main] Steps - Entering the mail
[INFO ] 2024-01-20 09:32:19.507 [main] Steps - Entering the Phone
[INFO ] 2024-01-20 09:32:21.657 [main] Steps - Entering the message
[INFO ] 2024-01-20 09:32:23.820 [main] Steps - Click on the send button
[INFO ] 2024-01-20 09:32:40.031 [main] Steps - Messaged displayed
[INFO ] 2024-01-20 09:32:45.270 [main] Steps - Chilternoak Furniture Homepage
[INFO ] 2024-01-20 09:32:45.274 [main] Steps - Clicking on ContactUs link
[INFO ] 2024-01-20 09:32:49.376 [main] Steps - Capturing the title of the page
[INFO ] 2024-01-20 09:32:49.377 [main] Steps - Entering the name
[INFO ] 2024-01-20 09:32:51.536 [main] Steps - Entering the mail
[INFO ] 2024-01-20 09:32:53.647 [main] Steps - Entering the Phone
[INFO ] 2024-01-20 09:32:55.786 [main] Steps - Entering the message
[INFO ] 2024-01-20 09:32:57.952 [main] Steps - Click on the send button
[INFO ] 2024-01-20 09:33:14.161 [main] Steps - Messaged displayed
[INFO ] 2024-01-20 09:33:26.158 [main] Steps - Chilternoak Furniture Homepage
[INFO ] 2024-01-20 09:33:26.159 [main] Steps - Clicking on ContactUs link
[INFO ] 2024-01-20 09:33:29.549 [main] Steps - Capturing the title of the page
[INFO ] 2024-01-20 09:33:29.551 [main] Steps - Entering the name
[INFO ] 2024-01-20 09:33:31.677 [main] Steps - Entering the mail
[INFO ] 2024-01-20 09:33:33.777 [main] Steps - Entering the Phone
[INFO ] 2024-01-20 09:33:35.919 [main] Steps - Entering the message
[INFO ] 2024-01-20 09:33:38.066 [main] Steps - Click on the send button
[INFO ] 2024-01-20 09:33:54.269 [main] Steps - Messaged displayed
[INFO ] 2024-01-20 09:33:59.692 [main] Steps - Chilternoak Furniture Homepage
[INFO ] 2024-01-20 09:33:59.696 [main] Steps - Clicking on ContactUs link
[INFO ] 2024-01-20 09:34:03.778 [main] Steps - Capturing the title of the page
[INFO ] 2024-01-20 09:34:03.779 [main] Steps - Entering the name
[INFO ] 2024-01-20 09:34:05.906 [main] Steps - Entering the mail
[INFO ] 2024-01-20 09:34:08.019 [main] Steps - Entering the Phone
[INFO ] 2024-01-20 09:34:10.194 [main] Steps - Entering the message
[INFO ] 2024-01-20 09:34:12.299 [main] Steps - Click on the send button
[INFO ] 2024-01-20 09:34:28.420 [main] Steps - Messaged displayed
[INFO ] 2024-01-20 09:34:34.675 [main] Steps - Chilternoak Furniture Homepage
[INFO ] 2024-01-20 09:34:34.676 [main] Steps - Clicking on ContactUs link
[INFO ] 2024-01-20 09:34:38.790 [main] Steps - Capturing the title of the page
[INFO ] 2024-01-20 09:34:38.803 [main] Steps - Entering the name
[INFO ] 2024-01-20 09:34:40.927 [main] Steps - Entering the mail
[INFO ] 2024-01-20 09:34:43.037 [main] Steps - Entering the Phone
[INFO ] 2024-01-20 09:34:45.143 [main] Steps - Entering the message
[INFO ] 2024-01-20 09:34:47.246 [main] Steps - Click on the send button
[INFO ] 2024-01-20 09:35:03.402 [main] Steps - Messaged displayed
[INFO ] 2024-01-20 09:35:13.644 [main] Steps - Chilternoak Furniture Homepage
[INFO ] 2024-01-20 09:35:13.645 [main] Steps - Clicking on ContactUs link
[INFO ] 2024-01-20 09:35:16.815 [main] Steps - Capturing the title of the page
[INFO ] 2024-01-20 09:35:16.816 [main] Steps - Entering the name
[INFO ] 2024-01-20 09:35:18.949 [main] Steps - Entering the mail
[INFO ] 2024-01-20 09:35:21.093 [main] Steps - Entering the Phone
[INFO ] 2024-01-20 09:35:23.212 [main] Steps - Entering the message
[INFO ] 2024-01-20 09:35:25.384 [main] Steps - Click on the send button
[INFO ] 2024-01-20 09:35:41.596 [main] Steps - Messaged displayed
[INFO ] 2024-01-20 09:35:47.275 [main] Steps - Chilternoak Furniture Homepage
[INFO ] 2024-01-20 09:35:47.277 [main] Steps - Clicking on ContactUs link
[INFO ] 2024-01-20 09:35:50.430 [main] Steps - Capturing the title of the page
[INFO ] 2024-01-20 09:35:50.434 [main] Steps - Entering the name
[INFO ] 2024-01-20 09:35:52.545 [main] Steps - Entering the mail
[INFO ] 2024-01-20 09:35:54.668 [main] Steps - Entering the Phone
[INFO ] 2024-01-20 09:35:56.822 [main] Steps - Entering the message
[INFO ] 2024-01-20 09:35:58.981 [main] Steps - Click on the send button
[INFO ] 2024-01-20 09:36:15.208 [main] Steps - Messaged displayed
[INFO ] 2024-01-20 09:36:19.981 [main] Steps - Chilternoak Furniture Homepage
[INFO ] 2024-01-20 09:36:19.989 [main] Steps - Clicking on ContactUs link
[INFO ] 2024-01-20 09:36:23.233 [main] Steps - Capturing the title of the page
[INFO ] 2024-01-20 09:36:23.237 [main] Steps - Entering the name
[INFO ] 2024-01-20 09:36:25.352 [main] Steps - Entering the mail
[INFO ] 2024-01-20 09:36:27.485 [main] Steps - Entering the Phone
[INFO ] 2024-01-20 09:36:29.637 [main] Steps - Entering the message
[INFO ] 2024-01-20 09:36:31.780 [main] Steps - Click on the send button
[INFO ] 2024-01-20 09:36:47.957 [main] Steps - Messaged displayed
[INFO ] 2024-01-20 09:36:53.281 [main] Steps - Chilternoak Furniture Homepage
[INFO ] 2024-01-20 09:36:53.283 [main] Steps - Clicking on ContactUs link
[INFO ] 2024-01-20 09:36:56.443 [main] Steps - Capturing the title of the page
[INFO ] 2024-01-20 09:36:56.443 [main] Steps - Entering the name
[INFO ] 2024-01-20 09:36:58.684 [main] Steps - Entering the mail
[INFO ] 2024-01-20 09:37:00.789 [main] Steps - Entering the Phone
[INFO ] 2024-01-20 09:37:02.908 [main] Steps - Entering the message
[INFO ] 2024-01-20 09:37:05.046 [main] Steps - Click on the send button
[INFO ] 2024-01-20 09:37:21.240 [main] Steps - Messaged displayed
[INFO ] 2024-01-20 09:44:39.381 [main] Steps - Chilternoak Furniture Homepage
[INFO ] 2024-01-20 09:44:39.427 [main] Steps - Clicking on ContactUs link
[INFO ] 2024-01-20 09:44:43.834 [main] Steps - Capturing the title of the page
[INFO ] 2024-01-20 09:44:43.839 [main] Steps - Entering the name
[INFO ] 2024-01-20 09:44:46.053 [main] Steps - Entering the mail
[INFO ] 2024-01-20 09:44:48.190 [main] Steps - Entering the Phone
[INFO ] 2024-01-20 09:44:50.359 [main] Steps - Entering the message
[INFO ] 2024-01-20 09:44:52.510 [main] Steps - Click on the send button
[INFO ] 2024-01-20 09:45:08.762 [main] Steps - Messaged displayed
[INFO ] 2024-01-20 09:45:13.759 [main] Steps - Chilternoak Furniture Homepage
[INFO ] 2024-01-20 09:45:13.768 [main] Steps - Clicking on ContactUs link
[INFO ] 2024-01-20 09:45:17.756 [main] Steps - Capturing the title of the page
[INFO ] 2024-01-20 09:45:17.758 [main] Steps - Entering the name
[INFO ] 2024-01-20 09:45:19.959 [main] Steps - Entering the mail
[INFO ] 2024-01-20 09:45:22.087 [main] Steps - Entering the Phone
[INFO ] 2024-01-20 09:45:24.249 [main] Steps - Entering the message
[INFO ] 2024-01-20 09:45:26.419 [main] Steps - Click on the send button
[INFO ] 2024-01-20 09:45:42.625 [main] Steps - Messaged displayed
[INFO ] 2024-01-20 09:45:48.611 [main] Steps - Chilternoak Furniture Homepage
[INFO ] 2024-01-20 09:45:48.615 [main] Steps - Clicking on ContactUs link
[INFO ] 2024-01-20 09:45:52.794 [main] Steps - Capturing the title of the page
[INFO ] 2024-01-20 09:45:52.797 [main] Steps - Entering the name
[INFO ] 2024-01-20 09:45:54.909 [main] Steps - Entering the mail
[INFO ] 2024-01-20 09:45:57.032 [main] Steps - Entering the Phone
[INFO ] 2024-01-20 09:45:59.159 [main] Steps - Entering the message
[INFO ] 2024-01-20 09:46:01.323 [main] Steps - Click on the send button
[INFO ] 2024-01-20 09:46:17.506 [main] Steps - Messaged displayed
[INFO ] 2024-01-20 09:46:22.542 [main] Steps - Chilternoak Furniture Homepage
[INFO ] 2024-01-20 09:46:22.546 [main] Steps - Clicking on ContactUs link
[INFO ] 2024-01-20 09:46:26.599 [main] Steps - Capturing the title of the page
[INFO ] 2024-01-20 09:46:26.601 [main] Steps - Entering the name
[INFO ] 2024-01-20 09:46:28.762 [main] Steps - Entering the mail
[INFO ] 2024-01-20 09:46:30.886 [main] Steps - Entering the Phone
[INFO ] 2024-01-20 09:46:32.999 [main] Steps - Entering the message
[INFO ] 2024-01-20 09:46:35.119 [main] Steps - Click on the send button
[INFO ] 2024-01-20 09:46:51.251 [main] Steps - Messaged displayed
[INFO ] 2024-01-20 09:47:02.763 [main] Steps - Chilternoak Furniture Homepage
[INFO ] 2024-01-20 09:47:02.763 [main] Steps - Clicking on ContactUs link
[INFO ] 2024-01-20 09:47:05.989 [main] Steps - Capturing the title of the page
[INFO ] 2024-01-20 09:47:05.997 [main] Steps - Entering the name
[INFO ] 2024-01-20 09:47:08.176 [main] Steps - Entering the mail
[INFO ] 2024-01-20 09:47:10.290 [main] Steps - Entering the Phone
[INFO ] 2024-01-20 09:47:12.419 [main] Steps - Entering the message
[INFO ] 2024-01-20 09:47:14.533 [main] Steps - Click on the send button
[INFO ] 2024-01-20 09:47:30.682 [main] Steps - Messaged displayed
[INFO ] 2024-01-20 09:47:36.309 [main] Steps - Chilternoak Furniture Homepage
[INFO ] 2024-01-20 09:47:36.315 [main] Steps - Clicking on ContactUs link
[INFO ] 2024-01-20 09:47:39.573 [main] Steps - Capturing the title of the page
[INFO ] 2024-01-20 09:47:39.579 [main] Steps - Entering the name
[INFO ] 2024-01-20 09:47:41.772 [main] Steps - Entering the mail
[INFO ] 2024-01-20 09:47:43.940 [main] Steps - Entering the Phone
[INFO ] 2024-01-20 09:47:46.109 [main] Steps - Entering the message
[INFO ] 2024-01-20 09:47:48.259 [main] Steps - Click on the send button
[INFO ] 2024-01-20 09:48:04.455 [main] Steps - Messaged displayed
[INFO ] 2024-01-20 09:48:10.369 [main] Steps - Chilternoak Furniture Homepage
[INFO ] 2024-01-20 09:48:10.369 [main] Steps - Clicking on ContactUs link
[INFO ] 2024-01-20 09:48:13.708 [main] Steps - Capturing the title of the page
[INFO ] 2024-01-20 09:48:13.711 [main] Steps - Entering the name
[INFO ] 2024-01-20 09:48:15.859 [main] Steps - Entering the mail
[INFO ] 2024-01-20 09:48:17.995 [main] Steps - Entering the Phone
[INFO ] 2024-01-20 09:48:20.159 [main] Steps - Entering the message
[INFO ] 2024-01-20 09:48:22.321 [main] Steps - Click on the send button
[INFO ] 2024-01-20 09:48:38.559 [main] Steps - Messaged displayed
[INFO ] 2024-01-20 09:48:53.113 [main] Steps - Chilternoak Furniture Homepage
[INFO ] 2024-01-20 09:48:53.113 [main] Steps - Clicking on ContactUs link
[INFO ] 2024-01-20 09:48:57.299 [main] Steps - Capturing the title of the page
[INFO ] 2024-01-20 09:48:57.301 [main] Steps - Entering the name
[INFO ] 2024-01-20 09:48:59.911 [main] Steps - Entering the mail
[INFO ] 2024-01-20 09:49:02.062 [main] Steps - Entering the Phone
[INFO ] 2024-01-20 09:49:04.169 [main] Steps - Entering the message
[INFO ] 2024-01-20 09:49:06.310 [main] Steps - Click on the send button
[INFO ] 2024-01-20 09:49:25.928 [main] Steps - Messaged displayed
[INFO ] 2024-01-20 09:49:30.853 [main] Steps - Chilternoak Furniture Homepage
[INFO ] 2024-01-20 09:49:30.853 [main] Steps - Clicking on ContactUs link
[INFO ] 2024-01-20 09:49:34.094 [main] Steps - Capturing the title of the page
[INFO ] 2024-01-20 09:49:34.095 [main] Steps - Entering the name
[INFO ] 2024-01-20 09:49:36.288 [main] Steps - Entering the mail
[INFO ] 2024-01-20 09:49:38.481 [main] Steps - Entering the Phone
[INFO ] 2024-01-20 09:49:40.651 [main] Steps - Entering the message
[INFO ] 2024-01-20 09:49:42.819 [main] Steps - Click on the send button
[INFO ] 2024-01-20 09:49:58.968 [main] Steps - Messaged displayed
[INFO ] 2024-01-20 09:59:25.989 [main] Steps - Chilternoak Furniture Homepage
[INFO ] 2024-01-20 09:59:26.003 [main] Steps - Clicking on ContactUs link
[INFO ] 2024-01-20 09:59:29.237 [main] Steps - Capturing the title of the page
[INFO ] 2024-01-20 09:59:29.257 [main] Steps - Entering the name
[INFO ] 2024-01-20 09:59:31.431 [main] Steps - Entering the mail
[INFO ] 2024-01-20 09:59:33.622 [main] Steps - Entering the Phone
[INFO ] 2024-01-20 09:59:35.787 [main] Steps - Entering the message
[INFO ] 2024-01-20 09:59:37.945 [main] Steps - Click on the send button
[INFO ] 2024-01-20 09:59:54.133 [main] Steps - Messaged displayed
[INFO ] 2024-01-20 09:59:59.436 [main] Steps - Chilternoak Furniture Homepage
[INFO ] 2024-01-20 09:59:59.437 [main] Steps - Clicking on ContactUs link
[INFO ] 2024-01-20 10:00:02.636 [main] Steps - Capturing the title of the page
[INFO ] 2024-01-20 10:00:02.649 [main] Steps - Entering the name
[INFO ] 2024-01-20 10:00:04.855 [main] Steps - Entering the mail
[INFO ] 2024-01-20 10:00:07.026 [main] Steps - Entering the Phone
[INFO ] 2024-01-20 10:00:09.170 [main] Steps - Entering the message
[INFO ] 2024-01-20 10:00:11.329 [main] Steps - Click on the send button
[INFO ] 2024-01-20 10:00:27.532 [main] Steps - Messaged displayed
[INFO ] 2024-01-20 10:00:29.924 [main] Steps - Chilternoak Furniture Homepage
[INFO ] 2024-01-20 10:00:29.931 [main] Steps - Clicking on ContactUs link
[INFO ] 2024-01-20 10:00:34.669 [main] Steps - Capturing the title of the page
[INFO ] 2024-01-20 10:00:34.669 [main] Steps - Entering the name
[INFO ] 2024-01-20 10:00:36.859 [main] Steps - Entering the mail
[INFO ] 2024-01-20 10:00:39.011 [main] Steps - Entering the Phone
[INFO ] 2024-01-20 10:00:41.170 [main] Steps - Entering the message
[INFO ] 2024-01-20 10:00:43.297 [main] Steps - Click on the send button
[INFO ] 2024-01-20 10:00:59.462 [main] Steps - Messaged displayed
[INFO ] 2024-01-20 10:01:05.187 [main] Steps - Chilternoak Furniture Homepage
[INFO ] 2024-01-20 10:01:05.189 [main] Steps - Clicking on ContactUs link
[INFO ] 2024-01-20 10:01:08.480 [main] Steps - Capturing the title of the page
[INFO ] 2024-01-20 10:01:08.483 [main] Steps - Entering the name
[INFO ] 2024-01-20 10:01:10.627 [main] Steps - Entering the mail
[INFO ] 2024-01-20 10:01:12.793 [main] Steps - Entering the Phone
[INFO ] 2024-01-20 10:01:14.960 [main] Steps - Entering the message
[INFO ] 2024-01-20 10:01:17.113 [main] Steps - Click on the send button
[INFO ] 2024-01-20 10:01:33.338 [main] Steps - Messaged displayed
[INFO ] 2024-01-20 10:01:39.157 [main] Steps - Chilternoak Furniture Homepage
[INFO ] 2024-01-20 10:01:39.167 [main] Steps - Clicking on ContactUs link
[INFO ] 2024-01-20 10:01:43.321 [main] Steps - Capturing the title of the page
[INFO ] 2024-01-20 10:01:43.324 [main] Steps - Entering the name
[INFO ] 2024-01-20 10:01:45.466 [main] Steps - Entering the mail
[INFO ] 2024-01-20 10:01:47.624 [main] Steps - Entering the Phone
[INFO ] 2024-01-20 10:01:49.775 [main] Steps - Entering the message
[INFO ] 2024-01-20 10:01:51.954 [main] Steps - Click on the send button
[INFO ] 2024-01-20 10:02:08.177 [main] Steps - Messaged displayed
[INFO ] 2024-01-20 10:06:35.521 [main] Steps - Chilternoak Furniture Homepage
[INFO ] 2024-01-20 10:06:35.529 [main] Steps - Clicking on ContactUs link
[INFO ] 2024-01-20 10:06:38.661 [main] Steps - Capturing the title of the page
[INFO ] 2024-01-20 10:06:38.668 [main] Steps - Entering the name
[INFO ] 2024-01-20 10:06:40.874 [main] Steps - Entering the mail
[INFO ] 2024-01-20 10:06:43.073 [main] Steps - Entering the Phone
[INFO ] 2024-01-20 10:06:45.235 [main] Steps - Entering the message
[INFO ] 2024-01-20 10:06:47.400 [main] Steps - Click on the send button
[INFO ] 2024-01-20 10:07:03.623 [main] Steps - Messaged displayed
[INFO ] 2024-01-20 10:07:11.059 [main] Steps - Chilternoak Furniture Homepage
[INFO ] 2024-01-20 10:07:11.059 [main] Steps - Clicking on ContactUs link
[INFO ] 2024-01-20 10:07:13.985 [main] Steps - Capturing the title of the page
[INFO ] 2024-01-20 10:07:13.992 [main] Steps - Entering the name
[INFO ] 2024-01-20 10:07:16.145 [main] Steps - Entering the mail
[INFO ] 2024-01-20 10:07:18.279 [main] Steps - Entering the Phone
[INFO ] 2024-01-20 10:07:20.370 [main] Steps - Entering the message
[INFO ] 2024-01-20 10:07:22.541 [main] Steps - Click on the send button
[INFO ] 2024-01-20 10:07:38.745 [main] Steps - Messaged displayed
[INFO ] 2024-01-20 10:07:43.990 [main] Steps - Chilternoak Furniture Homepage
[INFO ] 2024-01-20 10:07:43.992 [main] Steps - Clicking on ContactUs link
[INFO ] 2024-01-20 10:07:47.294 [main] Steps - Capturing the title of the page
[INFO ] 2024-01-20 10:07:47.294 [main] Steps - Entering the name
[INFO ] 2024-01-20 10:07:49.435 [main] Steps - Entering the mail
[INFO ] 2024-01-20 10:07:51.557 [main] Steps - Entering the Phone
[INFO ] 2024-01-20 10:07:53.686 [main] Steps - Entering the message
[INFO ] 2024-01-20 10:07:55.841 [main] Steps - Click on the send button
[INFO ] 2024-01-20 10:08:12.055 [main] Steps - Messaged displayed
[INFO ] 2024-01-20 10:08:17.289 [main] Steps - Chilternoak Furniture Homepage
[INFO ] 2024-01-20 10:08:17.290 [main] Steps - Clicking on ContactUs link
[INFO ] 2024-01-20 10:08:20.519 [main] Steps - Capturing the title of the page
[INFO ] 2024-01-20 10:08:20.525 [main] Steps - Entering the name
[INFO ] 2024-01-20 10:08:22.662 [main] Steps - Entering the mail
[INFO ] 2024-01-20 10:08:24.776 [main] Steps - Entering the Phone
[INFO ] 2024-01-20 10:08:26.924 [main] Steps - Entering the message
[INFO ] 2024-01-20 10:08:29.050 [main] Steps - Click on the send button
[INFO ] 2024-01-20 10:08:45.192 [main] Steps - Messaged displayed
[INFO ] 2024-01-20 10:08:50.636 [main] Steps - Chilternoak Furniture Homepage
[INFO ] 2024-01-20 10:08:50.636 [main] Steps - Clicking on ContactUs link
[INFO ] 2024-01-20 10:08:53.932 [main] Steps - Capturing the title of the page
[INFO ] 2024-01-20 10:08:53.934 [main] Steps - Entering the name
[INFO ] 2024-01-20 10:08:56.136 [main] Steps - Entering the mail
[INFO ] 2024-01-20 10:08:58.273 [main] Steps - Entering the Phone
[INFO ] 2024-01-20 10:09:00.426 [main] Steps - Entering the message
[INFO ] 2024-01-20 10:09:02.565 [main] Steps - Click on the send button
[INFO ] 2024-01-20 10:09:18.731 [main] Steps - Messaged displayed
[INFO ] 2024-01-20 10:09:25.870 [main] Steps - Chilternoak Furniture Homepage
[INFO ] 2024-01-20 10:09:25.870 [main] Steps - Clicking on ContactUs link
[INFO ] 2024-01-20 10:09:29.360 [main] Steps - Capturing the title of the page
[INFO ] 2024-01-20 10:09:29.370 [main] Steps - Entering the name
[INFO ] 2024-01-20 10:09:31.545 [main] Steps - Entering the mail
[INFO ] 2024-01-20 10:09:33.691 [main] Steps - Entering the Phone
[INFO ] 2024-01-20 10:09:35.893 [main] Steps - Entering the message
[INFO ] 2024-01-20 10:09:38.063 [main] Steps - Click on the send button
[INFO ] 2024-01-20 10:09:54.258 [main] Steps - Messaged displayed
[INFO ] 2024-01-20 10:09:59.471 [main] Steps - Chilternoak Furniture Homepage
[INFO ] 2024-01-20 10:09:59.473 [main] Steps - Clicking on ContactUs link
[INFO ] 2024-01-20 10:10:02.713 [main] Steps - Capturing the title of the page
[INFO ] 2024-01-20 10:10:02.718 [main] Steps - Entering the name
[INFO ] 2024-01-20 10:10:04.873 [main] Steps - Entering the mail
[INFO ] 2024-01-20 10:10:07.041 [main] Steps - Entering the Phone
[INFO ] 2024-01-20 10:10:09.210 [main] Steps - Entering the message
[INFO ] 2024-01-20 10:10:11.391 [main] Steps - Click on the send button
[INFO ] 2024-01-20 10:10:27.601 [main] Steps - Messaged displayed
[INFO ] 2024-01-20 10:10:32.125 [main] Steps - Chilternoak Furniture Homepage
[INFO ] 2024-01-20 10:10:32.130 [main] Steps - Clicking on ContactUs link
[INFO ] 2024-01-20 10:10:35.253 [main] Steps - Capturing the title of the page
[INFO ] 2024-01-20 10:10:35.255 [main] Steps - Entering the name
[INFO ] 2024-01-20 10:10:37.499 [main] Steps - Entering the mail
[INFO ] 2024-01-20 10:10:39.674 [main] Steps - Entering the Phone
[INFO ] 2024-01-20 10:10:41.830 [main] Steps - Entering the message
[INFO ] 2024-01-20 10:10:43.982 [main] Steps - Click on the send button
[INFO ] 2024-01-20 10:11:00.188 [main] Steps - Messaged displayed
[INFO ] 2024-01-20 10:11:06.451 [main] Steps - Chilternoak Furniture Homepage
[INFO ] 2024-01-20 10:11:06.457 [main] Steps - Clicking on ContactUs link
[INFO ] 2024-01-20 10:11:10.886 [main] Steps - Capturing the title of the page
[INFO ] 2024-01-20 10:11:10.892 [main] Steps - Entering the name
[INFO ] 2024-01-20 10:11:13.080 [main] Steps - Entering the mail
[INFO ] 2024-01-20 10:11:15.242 [main] Steps - Entering the Phone
[INFO ] 2024-01-20 10:11:17.410 [main] Steps - Entering the message
[INFO ] 2024-01-20 10:11:19.560 [main] Steps - Click on the send button
[INFO ] 2024-01-20 10:11:35.761 [main] Steps - Messaged displayed
